<?xml version="1.0" encoding="UTF-8"?>
<testng-results ignored="0" total="7" passed="6" failed="1" skipped="0">
  <reporter-output>
  </reporter-output>
  <suite started-at="2022-09-27T09:53:01Z" name="Default suite" finished-at="2022-09-27T09:53:48Z" duration-ms="46817">
    <groups>
    </groups>
    <test started-at="2022-09-27T09:53:01Z" name="Default test" finished-at="2022-09-27T09:53:48Z" duration-ms="46817">
      <class name="tests.Test_NG_Assignment">
        <test-method signature="excelsheet_import_text()[pri:0, instance:tests.Test_NG_Assignment@4eaf3684]" started-at="2022-09-27T09:53:01Z" name="excelsheet_import_text" finished-at="2022-09-27T09:53:04Z" duration-ms="2724" status="PASS">
          <reporter-output>
          </reporter-output>
        </test-method> <!-- excelsheet_import_text -->
        <test-method signature="facebook_login()[pri:0, instance:tests.Test_NG_Assignment@4eaf3684]" started-at="2022-09-27T09:53:04Z" name="facebook_login" finished-at="2022-09-27T09:53:06Z" duration-ms="2687" status="PASS">
          <reporter-output>
          </reporter-output>
        </test-method> <!-- facebook_login -->
        <test-method signature="firefox_browser_opening()[pri:0, instance:tests.Test_NG_Assignment@4eaf3684]" started-at="2022-09-27T09:53:06Z" name="firefox_browser_opening" finished-at="2022-09-27T09:53:06Z" duration-ms="14" status="FAIL">
          <exception class="org.openqa.selenium.WebDriverException">
            <message>
              <![CDATA[Cannot find firefox binary in PATH. Make sure firefox is installed. OS appears to be: XP
Build info: version: '3.141.59', revision: 'e82be7d358', time: '2018-11-14T08:17:03'
System info: host: 'ELW5203', ip: '192.168.0.102', os.name: 'Windows 11', os.arch: 'amd64', os.version: '10.0', java.version: '17.0.4.1'
Driver info: driver.version: FirefoxDriver]]>
            </message>
            <full-stacktrace>
              <![CDATA[org.openqa.selenium.WebDriverException: Cannot find firefox binary in PATH. Make sure firefox is installed. OS appears to be: XP
Build info: version: '3.141.59', revision: 'e82be7d358', time: '2018-11-14T08:17:03'
System info: host: 'ELW5203', ip: '192.168.0.102', os.name: 'Windows 11', os.arch: 'amd64', os.version: '10.0', java.version: '17.0.4.1'
Driver info: driver.version: FirefoxDriver
at org.openqa.selenium.firefox.FirefoxBinary.<init>(FirefoxBinary.java:100)
at java.base/java.util.Optional.orElseGet(Optional.java:364)
at org.openqa.selenium.firefox.FirefoxOptions.getBinary(FirefoxOptions.java:216)
at org.openqa.selenium.firefox.FirefoxDriver.toExecutor(FirefoxDriver.java:187)
at org.openqa.selenium.firefox.FirefoxDriver.<init>(FirefoxDriver.java:147)
at org.openqa.selenium.firefox.FirefoxDriver.<init>(FirefoxDriver.java:125)
at tests.Test_NG_Assignment.firefox_browser_opening(Test_NG_Assignment.java:77)
at java.base/jdk.internal.reflect.NativeMethodAccessorImpl.invoke0(Native Method)
at java.base/jdk.internal.reflect.NativeMethodAccessorImpl.invoke(NativeMethodAccessorImpl.java:77)
at java.base/jdk.internal.reflect.DelegatingMethodAccessorImpl.invoke(DelegatingMethodAccessorImpl.java:43)
at java.base/java.lang.reflect.Method.invoke(Method.java:568)
at org.testng.internal.MethodInvocationHelper.invokeMethod(MethodInvocationHelper.java:124)
at org.testng.internal.Invoker.invokeMethod(Invoker.java:583)
at org.testng.internal.Invoker.invokeTestMethod(Invoker.java:719)
at org.testng.internal.Invoker.invokeTestMethods(Invoker.java:989)
at org.testng.internal.TestMethodWorker.invokeTestMethods(TestMethodWorker.java:125)
at org.testng.internal.TestMethodWorker.run(TestMethodWorker.java:109)
at org.testng.TestRunner.privateRun(TestRunner.java:648)
at org.testng.TestRunner.run(TestRunner.java:505)
at org.testng.SuiteRunner.runTest(SuiteRunner.java:455)
at org.testng.SuiteRunner.runSequentially(SuiteRunner.java:450)
at org.testng.SuiteRunner.privateRun(SuiteRunner.java:415)
at org.testng.SuiteRunner.run(SuiteRunner.java:364)
at org.testng.SuiteRunnerWorker.runSuite(SuiteRunnerWorker.java:52)
at org.testng.SuiteRunnerWorker.run(SuiteRunnerWorker.java:84)
at org.testng.TestNG.runSuitesSequentially(TestNG.java:1208)
at org.testng.TestNG.runSuitesLocally(TestNG.java:1137)
at org.testng.TestNG.runSuites(TestNG.java:1049)
at org.testng.TestNG.run(TestNG.java:1017)
at org.testng.remote.AbstractRemoteTestNG.run(AbstractRemoteTestNG.java:115)
at org.testng.remote.RemoteTestNG.initAndRun(RemoteTestNG.java:251)
at org.testng.remote.RemoteTestNG.main(RemoteTestNG.java:77)
]]>
            </full-stacktrace>
          </exception> <!-- org.openqa.selenium.WebDriverException -->
          <reporter-output>
          </reporter-output>
        </test-method> <!-- firefox_browser_opening -->
        <test-method signature="forgetpass_HRM()[pri:0, instance:tests.Test_NG_Assignment@4eaf3684]" started-at="2022-09-27T09:53:06Z" name="forgetpass_HRM" finished-at="2022-09-27T09:53:12Z" duration-ms="5355" status="PASS">
          <reporter-output>
          </reporter-output>
        </test-method> <!-- forgetpass_HRM -->
        <test-method signature="hrmleave_application()[pri:0, instance:tests.Test_NG_Assignment@4eaf3684]" started-at="2022-09-27T09:53:12Z" name="hrmleave_application" finished-at="2022-09-27T09:53:21Z" duration-ms="9401" status="PASS">
          <reporter-output>
          </reporter-output>
        </test-method> <!-- hrmleave_application -->
        <test-method signature="tabledetails_fetching()[pri:0, instance:tests.Test_NG_Assignment@4eaf3684]" started-at="2022-09-27T09:53:21Z" name="tabledetails_fetching" finished-at="2022-09-27T09:53:47Z" duration-ms="25785" status="PASS">
          <reporter-output>
          </reporter-output>
        </test-method> <!-- tabledetails_fetching -->
        <test-method signature="webtable_fetching()[pri:0, instance:tests.Test_NG_Assignment@4eaf3684]" started-at="2022-09-27T09:53:47Z" name="webtable_fetching" finished-at="2022-09-27T09:53:48Z" duration-ms="824" status="PASS">
          <reporter-output>
          </reporter-output>
        </test-method> <!-- webtable_fetching -->
      </class> <!-- tests.Test_NG_Assignment -->
    </test> <!-- Default test -->
  </suite> <!-- Default suite -->
</testng-results>
