<?xml version="1.0" encoding="UTF-8"?>
<testng-results ignored="0" total="2" passed="2" failed="0" skipped="0">
  <reporter-output>
  </reporter-output>
  <suite started-at="2022-09-27T03:30:47Z" name="Default suite" finished-at="2022-09-27T03:31:03Z" duration-ms="16335">
    <groups>
    </groups>
    <test started-at="2022-09-27T03:30:47Z" name="Default test" finished-at="2022-09-27T03:31:03Z" duration-ms="16335">
      <class name="tests.NewTest_1">
        <test-method signature="login()[pri:0, instance:tests.NewTest_1@6aa61224]" started-at="2022-09-27T03:30:47Z" name="login" finished-at="2022-09-27T03:31:00Z" duration-ms="13500" status="PASS">
          <reporter-output>
          </reporter-output>
        </test-method> <!-- login -->
        <test-method signature="logout()[pri:0, instance:tests.NewTest_1@6aa61224]" started-at="2022-09-27T03:31:00Z" name="logout" finished-at="2022-09-27T03:31:03Z" duration-ms="2802" status="PASS">
          <reporter-output>
          </reporter-output>
        </test-method> <!-- logout -->
      </class> <!-- tests.NewTest_1 -->
    </test> <!-- Default test -->
  </suite> <!-- Default suite -->
</testng-results>
